15 15
Анальгин таб 0,5г №10
15 15
Анальгин амп 50% 2мл №10
15 15
Анальгин таб 0,5г №6
{'message_id': 6504, 'date': 1618475767, 'chat': {'id': 1155932781, 'type': 'private', 'first_name': 'Shaha'}, 'text': 'Дата загрузки прайса: 2021-04-15\n\nДистрибьютор: Malxam servis\nНазвания: Анальгин таб 0,5г №6\nПроизводитель: Узхимфарм( Узбекистан)\nАдрес:г.Ташкент, ул.Туркистан, д.12                               e-mail:malxam-s_1984@mail.ru   www.malxam.uz\nЦена сум: 441\nТелефон: 71-254-39-46; 71-299-79-85; 71-281-39-46 ф; (998 95) 170-89-48; 143-89-47\n\n➖➖➖➖➖➖➖➖➖➖➖➖\n\n\nДистрибьютор: Pharma Choice\nНазвания: Анальгин таб 0,5г №6\nПроизводитель: Узхимфарм( Узбекистан)\nАдрес:г.Ташкент, Олмазарский район, ул. Широк,  д.104 Б                                                      e-mail: pharma-choice@mail.ru\nЦена сум: 446\nТелефон: 71-248-27-67; (998 90) 189-39-48; 71-248-27-47; (998 94) 613-42-60\n\n➖➖➖➖➖➖➖➖➖➖➖➖\n\n\nДистрибьютор: ATM partners\nНазвания: Анальгин таб 0,5г №6\nПроизводитель: Узхимфарм( Узбекистан)\nАдрес:Не указан\nЦена сум: 465\nТелефон: Не указан\n\n➖➖➖➖➖➖➖➖➖➖➖➖', 'entities': [{'type': 'url', 'offset': 197, 'length': 28}, {'type': 'url', 'offset': 228, 'length': 13}, {'type': 'email', 'offset': 569, 'length': 21}], 'caption_entities': [], 'photo': [], 'new_chat_members': [], 'new_chat_photo': [], 'delete_chat_photo': False, 'group_chat_created': False, 'supergroup_chat_created': False, 'channel_chat_created': False, 'from': {'id': 1415026630, 'first_name': 'Test', 'is_bot': True, 'username': 'qwerty1256bot'}}
15 15
Ибупрофен Ника капс. 200мг №10
{'message_id': 6508, 'date': 1618475785, 'chat': {'id': 1155932781, 'type': 'private', 'first_name': 'Shaha'}, 'text': 'Дата загрузки прайса: 2021-04-15\n\nДистрибьютор: Malxam servis\nНазвания: Ибупрофен Ника капс. 200мг №10\nПроизводитель: Nika pharm( Узбекистан)\nАдрес:г.Ташкент, ул.Туркистан, д.12                               e-mail:malxam-s_1984@mail.ru   www.malxam.uz\nЦена сум: 4409\nТелефон: 71-254-39-46; 71-299-79-85; 71-281-39-46 ф; (998 95) 170-89-48; 143-89-47\n\n➖➖➖➖➖➖➖➖➖➖➖➖\n\n\nДистрибьютор: Toshkent vil.  Dori Darmon\nНазвания: Ибупрофен Ника капс. 200мг №10\nПроизводитель: Nika pharm( Узбекистан)\nАдрес:Не указан\nЦена сум: 5393\nТелефон: Не указан\n\n➖➖➖➖➖➖➖➖➖➖➖➖\n\n\nДистрибьютор: Asklepiy\nНазвания: Ибупрофен Ника капс. 200мг №10\nПроизводитель: Nika pharm( Узбекистан)\nАдрес:г.Ташкент, ул.Безакчилик, д. 18-а                    e-mail: info@asklepiy.uz\nЦена сум: 5400\nТелефон: 71-250-42-24; 71-250-15-64; 71-250-44-16; 78-140-41-14; 78-140-10-90 ф\n\n➖➖➖➖➖➖➖➖➖➖➖➖', 'entities': [{'type': 'url', 'offset': 208, 'length': 28}, {'type': 'url', 'offset': 239, 'length': 13}, {'type': 'email', 'offset': 724, 'length': 16}], 'caption_entities': [], 'photo': [], 'new_chat_members': [], 'new_chat_photo': [], 'delete_chat_photo': False, 'group_chat_created': False, 'supergroup_chat_created': False, 'channel_chat_created': False, 'from': {'id': 1415026630, 'first_name': 'Test', 'is_bot': True, 'username': 'qwerty1256bot'}}
15 15
15 15
Ибупрофен таб 200мг №50
{'message_id': 6517, 'date': 1618475911, 'chat': {'id': 1155932781, 'type': 'private', 'first_name': 'Shaha'}, 'text': 'Дата загрузки прайса: 2021-04-15\n\nДистрибьютор: Malxam servis\nНазвания: Ибупрофен таб 200мг №50\nПроизводитель: Борисовский ЗМП( Беларусь)\nАдрес:г.Ташкент, ул.Туркистан, д.12                               e-mail:malxam-s_1984@mail.ru   www.malxam.uz\nЦена сум: 4708\nТелефон: 71-254-39-46; 71-299-79-85; 71-281-39-46 ф; (998 95) 170-89-48; 143-89-47\n\n➖➖➖➖➖➖➖➖➖➖➖➖\n\n\nДистрибьютор: Asklepiy\nНазвания: Ибупрофен таб 200мг №50\nПроизводитель: Технолог( Украина)\nАдрес:г.Ташкент, ул.Безакчилик, д. 18-а                    e-mail: info@asklepiy.uz\nЦена сум: 9856\nТелефон: 71-250-42-24; 71-250-15-64; 71-250-44-16; 78-140-41-14; 78-140-10-90 ф\n\n➖➖➖➖➖➖➖➖➖➖➖➖\n\n\nДистрибьютор: Lekhim\nНазвания: Ибупрофен таб 200мг №50\nПроизводитель: Технолог( Украина)\nАдрес:Ташкентская область, Кибрайский район,  ул. Юкори Мевазор, д.1\nЦена сум: 13078\nТелефон: (998 90) 349-58-14\n\n➖➖➖➖➖➖➖➖➖➖➖➖', 'entities': [{'type': 'url', 'offset': 204, 'length': 28}, {'type': 'url', 'offset': 235, 'length': 13}, {'type': 'email', 'offset': 521, 'length': 16}], 'caption_entities': [], 'photo': [], 'new_chat_members': [], 'new_chat_photo': [], 'delete_chat_photo': False, 'group_chat_created': False, 'supergroup_chat_created': False, 'channel_chat_created': False, 'from': {'id': 1415026630, 'first_name': 'Test', 'is_bot': True, 'username': 'qwerty1256bot'}}
15 15
Ибупрофен S таб №20
{'message_id': 6519, 'date': 1618475915, 'chat': {'id': 1155932781, 'type': 'private', 'first_name': 'Shaha'}, 'text': 'Дата загрузки прайса: 2021-04-15\n\nДистрибьютор: Malxam servis\nНазвания: Ибупрофен S таб №20\nПроизводитель: SAMO( Узбекистан)\nАдрес:г.Ташкент, ул.Туркистан, д.12                               e-mail:malxam-s_1984@mail.ru   www.malxam.uz\nЦена сум: 2289\nТелефон: 71-254-39-46; 71-299-79-85; 71-281-39-46 ф; (998 95) 170-89-48; 143-89-47\n\n➖➖➖➖➖➖➖➖➖➖➖➖', 'entities': [{'type': 'url', 'offset': 191, 'length': 28}, {'type': 'url', 'offset': 222, 'length': 13}], 'caption_entities': [], 'photo': [], 'new_chat_members': [], 'new_chat_photo': [], 'delete_chat_photo': False, 'group_chat_created': False, 'supergroup_chat_created': False, 'channel_chat_created': False, 'from': {'id': 1415026630, 'first_name': 'Test', 'is_bot': True, 'username': 'qwerty1256bot'}}
15 15
Зонд маточный
{'message_id': 6522, 'date': 1618475938, 'chat': {'id': 1155932781, 'type': 'private', 'first_name': 'Shaha'}, 'text': 'Дата загрузки прайса: 2021-04-15\n\nДистрибьютор: Pakistan Siser\nНазвания: Зонд маточный\nПроизводитель: Dad Classic Health( Пакистан)\nАдрес:г.Ташкент, Яккасарайский район, ул. Бабура, д. 10    e-mail:ledi.f40@mail.ru\nЦена сум: 46000\nТелефон: (998 90)\xa0174-69-06; (998 90) 808-11-29; (998 90) 900-59-19\n\n➖➖➖➖➖➖➖➖➖➖➖➖', 'entities': [{'type': 'url', 'offset': 191, 'length': 23}], 'caption_entities': [], 'photo': [], 'new_chat_members': [], 'new_chat_photo': [], 'delete_chat_photo': False, 'group_chat_created': False, 'supergroup_chat_created': False, 'channel_chat_created': False, 'from': {'id': 1415026630, 'first_name': 'Test', 'is_bot': True, 'username': 'qwerty1256bot'}}
15 15
Зонд хирургический желоб. 170мм
{'message_id': 6523, 'date': 1618475940, 'chat': {'id': 1155932781, 'type': 'private', 'first_name': 'Shaha'}, 'text': 'Дата загрузки прайса: 2021-04-15\n\nДистрибьютор: Medtexno Trade\nНазвания: Зонд хирургический желоб. 170мм\nПроизводитель: nan( Турция)\nАдрес:Не указан\nЦена сум: 17000\nТелефон: Не указан\n\n➖➖➖➖➖➖➖➖➖➖➖➖', 'entities': [], 'caption_entities': [], 'photo': [], 'new_chat_members': [], 'new_chat_photo': [], 'delete_chat_photo': False, 'group_chat_created': False, 'supergroup_chat_created': False, 'channel_chat_created': False, 'from': {'id': 1415026630, 'first_name': 'Test', 'is_bot': True, 'username': 'qwerty1256bot'}}16 16
16 16
Корректор осанки разм. L
Корректор осанки Umka разм. M, XXL
Корректор осанки Umka разм. M, XXL
Коралин амп 12,5% 4мл №10
Кардионат капс. 250мг №40
16 16
Анальгин таб 0,5г №10
16 16
Анальгин Remedy таб 0,5г №6
{'message_id': 6728, 'date': 1618541652, 'chat': {'id': 1155932781, 'type': 'private', 'first_name': 'Shaha'}, 'text': 'Дата загрузки прайса: 2021-04-16\n\nДистрибьютор: Asklepiy\nНазвания: Анальгин Remedy таб 0,5г №6\nПроизводитель: Remedy СП( Узбекистан)\nАдрес:г.Ташкент, ул.Безакчилик, д. 18-а                    e-mail: info@asklepiy.uz\nЦена сум: 400\nТелефон: 71-250-42-24; 71-250-15-64; 71-250-44-16; 78-140-41-14; 78-140-10-90 ф\n\n➖➖➖➖➖➖➖➖➖➖➖➖\n\n\nДистрибьютор: ATM partners\nНазвания: Анальгин Remedy таб 0,5г №6\nПроизводитель: Remedy СП( Узбекистан)\nАдрес:Не указан\nЦена сум: 575\nТелефон: Не указан\n\n➖➖➖➖➖➖➖➖➖➖➖➖', 'entities': [{'type': 'email', 'offset': 200, 'length': 16}], 'caption_entities': [], 'photo': [], 'new_chat_members': [], 'new_chat_photo': [], 'delete_chat_photo': False, 'group_chat_created': False, 'supergroup_chat_created': False, 'channel_chat_created': False, 'from': {'id': 1415026630, 'first_name': 'Apteka', 'is_bot': True, 'username': 'qwerty1256bot'}}
16 16
16 16
Азимакс MR капс. 250мг №6
{'message_id': 6736, 'date': 1618541662, 'chat': {'id': 1155932781, 'type': 'private', 'first_name': 'Shaha'}, 'text': 'Дата загрузки прайса: 2021-04-16\n\nДистрибьютор: Malxam servis\nНазвания: Азимакс MR капс. 250мг №6\nПроизводитель: MerryMed Farm( Узбекистан)\nАдрес:г.Ташкент, ул.Туркистан, д.12                               e-mail:malxam-s_1984@mail.ru   www.malxam.uz\nЦена сум: 7837\nТелефон: 71-254-39-46; 71-299-79-85; 71-281-39-46 ф; (998 95) 170-89-48; 143-89-47\n\n➖➖➖➖➖➖➖➖➖➖➖➖\n\n\nДистрибьютор: Узб.Дори Там.\nНазвания: Азимакс MR капс. 250мг №6\nПроизводитель: MerryMed Farm( Узбекистан)\nАдрес:Не указан\nЦена сум: 8625\nТелефон: Не указан\n\n➖➖➖➖➖➖➖➖➖➖➖➖', 'entities': [{'type': 'url', 'offset': 206, 'length': 28}, {'type': 'url', 'offset': 237, 'length': 13}], 'caption_entities': [], 'photo': [], 'new_chat_members': [], 'new_chat_photo': [], 'delete_chat_photo': False, 'group_chat_created': False, 'supergroup_chat_created': False, 'channel_chat_created': False, 'from': {'id': 1415026630, 'first_name': 'Apteka', 'is_bot': True, 'username': 'qwerty1256bot'}}
16 16
Азитрал капс. 250мг №6
{'message_id': 6738, 'date': 1618541666, 'chat': {'id': 1155932781, 'type': 'private', 'first_name': 'Shaha'}, 'text': 'Дата загрузки прайса: 2021-04-16\n\nДистрибьютор: Asklepiy\nНазвания: Азитрал капс. 250мг №6\nПроизводитель: Shreya Life Sciences( Индия)\nАдрес:г.Ташкент, ул.Безакчилик, д. 18-а                    e-mail: info@asklepiy.uz\nЦена сум: 27630\nТелефон: 71-250-42-24; 71-250-15-64; 71-250-44-16; 78-140-41-14; 78-140-10-90 ф\n\n➖➖➖➖➖➖➖➖➖➖➖➖', 'entities': [{'type': 'email', 'offset': 201, 'length': 16}], 'caption_entities': [], 'photo': [], 'new_chat_members': [], 'new_chat_photo': [], 'delete_chat_photo': False, 'group_chat_created': False, 'supergroup_chat_created': False, 'channel_chat_created': False, 'from': {'id': 1415026630, 'first_name': 'Apteka', 'is_bot': True, 'username': 'qwerty1256bot'}}
16 16
Азитрал капс. 250мг №6
{'message_id': 6739, 'date': 1618541667, 'chat': {'id': 1155932781, 'type': 'private', 'first_name': 'Shaha'}, 'text': 'Дата загрузки прайса: 2021-04-16\n\nДистрибьютор: Asklepiy\nНазвания: Азитрал капс. 250мг №6\nПроизводитель: Shreya Life Sciences( Индия)\nАдрес:г.Ташкент, ул.Безакчилик, д. 18-а                    e-mail: info@asklepiy.uz\nЦена сум: 27630\nТелефон: 71-250-42-24; 71-250-15-64; 71-250-44-16; 78-140-41-14; 78-140-10-90 ф\n\n➖➖➖➖➖➖➖➖➖➖➖➖', 'entities': [{'type': 'email', 'offset': 201, 'length': 16}], 'caption_entities': [], 'photo': [], 'new_chat_members': [], 'new_chat_photo': [], 'delete_chat_photo': False, 'group_chat_created': False, 'supergroup_chat_created': False, 'channel_chat_created': False, 'from': {'id': 1415026630, 'first_name': 'Apteka', 'is_bot': True, 'username': 'qwerty1256bot'}}
16 16
Азитоком таб 250мг №6
{'message_id': 6740, 'date': 1618541669, 'chat': {'id': 1155932781, 'type': 'private', 'first_name': 'Shaha'}, 'text': 'Дата загрузки прайса: 2021-04-16\n\nДистрибьютор: Pharma Choice\nНазвания: Азитоком таб 250мг №6\nПроизводитель: Combitic Global Caplet( Индия)\nАдрес:г.Ташкент, Олмазарский район, ул. Широк,  д.104 Б                                                      e-mail: pharma-choice@mail.ru\nЦена сум: 18360\nТелефон: 71-248-27-67; (998 90) 189-39-48; 71-248-27-47; (998 94) 613-42-60\n\n➖➖➖➖➖➖➖➖➖➖➖➖', 'entities': [{'type': 'email', 'offset': 257, 'length': 21}], 'caption_entities': [], 'photo': [], 'new_chat_members': [], 'new_chat_photo': [], 'delete_chat_photo': False, 'group_chat_created': False, 'supergroup_chat_created': False, 'channel_chat_created': False, 'from': {'id': 1415026630, 'first_name': 'Apteka', 'is_bot': True, 'username': 'qwerty1256bot'}}
16 16
16 16
Слип Саундли Мелатонин каплеты 5мг №30
{'message_id': 6747, 'date': 1618555079, 'chat': {'id': 1155932781, 'type': 'private', 'first_name': 'Shaha'}, 'text': 'Дата загрузки прайса: 2021-04-16\n\nДистрибьютор: Pharma Choice\nНазвания: Слип Саундли Мелатонин каплеты 5мг №30\nПроизводитель: Alliance farm( Узбекистан)\nАдрес:г.Ташкент, Олмазарский район, ул. Широк,  д.104 Б                                                      e-mail: pharma-choice@mail.ru\nЦена сум: 89125\nТелефон: 71-248-27-67; (998 90) 189-39-48; 71-248-27-47; (998 94) 613-42-60\n\n➖➖➖➖➖➖➖➖➖➖➖➖', 'entities': [{'type': 'email', 'offset': 270, 'length': 21}], 'caption_entities': [], 'photo': [], 'new_chat_members': [], 'new_chat_photo': [], 'delete_chat_photo': False, 'group_chat_created': False, 'supergroup_chat_created': False, 'channel_chat_created': False, 'from': {'id': 1415026630, 'first_name': 'Apteka', 'is_bot': True, 'username': 'qwerty1256bot'}}
16 16
16 22
Тримол таб №100
22 22
Презервативы Durex №12
{'message_id': 6766, 'date': 1619085443, 'chat': {'id': 1155932781, 'type': 'private', 'first_name': 'Shaha'}, 'text': 'Дата загрузки прайса: 2021-04-16\n\nДистрибьютор: ATM partners\nНазвания: Презервативы Durex №12\nПроизводитель: Reckitt Benckiser Healthcare( Великобритания)\nАдрес:Не указан\nЦена сум: 70105\nТелефон: Не указан\n\n➖➖➖➖➖➖➖➖➖➖➖➖', 'entities': [], 'caption_entities': [], 'photo': [], 'new_chat_members': [], 'new_chat_photo': [], 'delete_chat_photo': False, 'group_chat_created': False, 'supergroup_chat_created': False, 'channel_chat_created': False, 'from': {'id': 1415026630, 'first_name': 'Apteka', 'is_bot': True, 'username': 'qwerty1256bot'}}
22 22
Цитрамон П таб №10
{'message_id': 6780, 'date': 1619182313, 'chat': {'id': 480108589, 'type': 'private', 'first_name': 'Сводный прайс лс и имн', 'last_name': 'Alla Tsoy'}, 'text': 'Дата загрузки прайса: 2021-04-16\n\nДистрибьютор: Asklepiy\nНазвания: Цитрамон П таб №10\nПроизводитель: SAMO( Узбекистан)\nАдрес:г.Ташкент, ул.Безакчилик, д. 18-а                    e-mail: info@asklepiy.uz\nЦена сум: 1000\nТелефон: 71-250-42-24; 71-250-15-64; 71-250-44-16; 78-140-41-14; 78-140-10-90 ф\n\n➖➖➖➖➖➖➖➖➖➖➖➖', 'entities': [{'type': 'email', 'offset': 186, 'length': 16}], 'caption_entities': [], 'photo': [], 'new_chat_members': [], 'new_chat_photo': [], 'delete_chat_photo': False, 'group_chat_created': False, 'supergroup_chat_created': False, 'channel_chat_created': False, 'from': {'id': 1415026630, 'first_name': 'Apteka', 'is_bot': True, 'username': 'qwerty1256bot'}}
23 23
Цитрамон Боримед таб №6
{'message_id': 6783, 'date': 1619182341, 'chat': {'id': 480108589, 'type': 'private', 'first_name': 'Сводный прайс лс и имн', 'last_name': 'Alla Tsoy'}, 'text': 'Дата загрузки прайса: 2021-04-16\n\nДистрибьютор: ATM partners\nНазвания: Цитрамон Боримед таб №6\nПроизводитель: Борисовский ЗМП( Беларусь)\nАдрес:Не указан\nЦена сум: 1248\nТелефон: Не указан\n\n➖➖➖➖➖➖➖➖➖➖➖➖\n\n\nДистрибьютор: Asklepiy\nНазвания: Цитрамон Боримед таб №6\nПроизводитель: Борисовский ЗМП( Беларусь)\nАдрес:г.Ташкент, ул.Безакчилик, д. 18-а                    e-mail: info@asklepiy.uz\nЦена сум: 1261\nТелефон: 71-250-42-24; 71-250-15-64; 71-250-44-16; 78-140-41-14; 78-140-10-90 ф\n\n➖➖➖➖➖➖➖➖➖➖➖➖', 'entities': [{'type': 'email', 'offset': 369, 'length': 16}], 'caption_entities': [], 'photo': [], 'new_chat_members': [], 'new_chat_photo': [], 'delete_chat_photo': False, 'group_chat_created': False, 'supergroup_chat_created': False, 'channel_chat_created': False, 'from': {'id': 1415026630, 'first_name': 'Apteka', 'is_bot': True, 'username': 'qwerty1256bot'}}
23 23
Терафлю пор. 11,5г №10, пакетики
{'message_id': 6791, 'date': 1619182409, 'chat': {'id': 480108589, 'type': 'private', 'first_name': 'Сводный прайс лс и имн', 'last_name': 'Alla Tsoy'}, 'text': 'Дата загрузки прайса: 2021-04-16\n\nДистрибьютор: Jurabek\nНазвания: Терафлю пор. 11,5г №10, пакетики\nПроизводитель: Novartis Consumer( Швейцария)\nАдрес:г.Ташкент, ул. Алмазар, д.165                            e-mail: sklad@jurabek.uz\nЦена сум: 52607\nТелефон: 78-150-03-07; 78- 150-03-08;  (998 90) 949-12-00\n\n➖➖➖➖➖➖➖➖➖➖➖➖\n\n\nДистрибьютор: GruzLek\nНазвания: Терафлю пор. 11,5г №10, пакетики\nПроизводитель: Novartis Consumer( Швейцария)\nАдрес:г.Ташкент, ул. Фаргона йули, д. 39   e-mail: skas2003@mail.ru\nЦена сум: 63000\nТелефон: 71-291-78-51, 71-291-75-97\n\n➖➖➖➖➖➖➖➖➖➖➖➖', 'entities': [{'type': 'email', 'offset': 215, 'length': 16}, {'type': 'email', 'offset': 483, 'length': 16}], 'caption_entities': [], 'photo': [], 'new_chat_members': [], 'new_chat_photo': [], 'delete_chat_photo': False, 'group_chat_created': False, 'supergroup_chat_created': False, 'channel_chat_created': False, 'from': {'id': 1415026630, 'first_name': 'Apteka', 'is_bot': True, 'username': 'qwerty1256bot'}}
23 23
Терафлюс МЕР пор. д/приг. р-ра внутрь №10
{'message_id': 6793, 'date': 1619182419, 'chat': {'id': 480108589, 'type': 'private', 'first_name': 'Сводный прайс лс и имн', 'last_name': 'Alla Tsoy'}, 'text': 'Дата загрузки прайса: 2021-04-16\n\nДистрибьютор: Asklepiy\nНазвания: Терафлюс МЕР пор. д/приг. р-ра внутрь №10\nПроизводитель: MerryMed Farm( Узбекистан)\nАдрес:г.Ташкент, ул.Безакчилик, д. 18-а                    e-mail: info@asklepiy.uz\nЦена сум: 36750\nТелефон: 71-250-42-24; 71-250-15-64; 71-250-44-16; 78-140-41-14; 78-140-10-90 ф\n\n➖➖➖➖➖➖➖➖➖➖➖➖\n\n\nДистрибьютор: Pharma Choice\nНазвания: Терафлюс МЕР пор. д/приг. р-ра внутрь №10\nПроизводитель: MerryMed Farm( Узбекистан)\nАдрес:г.Ташкент, Олмазарский район, ул. Широк,  д.104 Б                                                      e-mail: pharma-choice@mail.ru\nЦена сум: 36771\nТелефон: 71-248-27-67; (998 90) 189-39-48; 71-248-27-47; (998 94) 613-42-60\n\n➖➖➖➖➖➖➖➖➖➖➖➖', 'entities': [{'type': 'email', 'offset': 218, 'length': 16}, {'type': 'email', 'offset': 586, 'length': 21}], 'caption_entities': [], 'photo': [], 'new_chat_members': [], 'new_chat_photo': [], 'delete_chat_photo': False, 'group_chat_created': False, 'supergroup_chat_created': False, 'channel_chat_created': False, 'from': {'id': 1415026630, 'first_name': 'Apteka', 'is_bot': True, 'username': 'qwerty1256bot'}}
23 23
Аспирин С таб 400мг+240мг №10
{'message_id': 6808, 'date': 1619537979, 'chat': {'id': 355139380, 'type': 'private', 'username': 'e_diesel', 'first_name': '𝔇𝔦𝔢𝔰𝔢𝔩'}, 'text': 'Дата загрузки прайса: 2021-04-16\n\nДистрибьютор: Asklepiy\nНазвания: Аспирин С таб 400мг+240мг №10\nПроизводитель: Bayer Consumer Care( Швейцария)\nАдрес:г.Ташкент, ул.Безакчилик, д. 18-а                    e-mail: info@asklepiy.uz\nЦена сум: 16754\nТелефон: 71-250-42-24; 71-250-15-64; 71-250-44-16; 78-140-41-14; 78-140-10-90 ф\n\n➖➖➖➖➖➖➖➖➖➖➖➖', 'entities': [{'type': 'email', 'offset': 211, 'length': 16}], 'caption_entities': [], 'photo': [], 'new_chat_members': [], 'new_chat_photo': [], 'delete_chat_photo': False, 'group_chat_created': False, 'supergroup_chat_created': False, 'channel_chat_created': False, 'from': {'id': 1415026630, 'first_name': 'Apteka', 'is_bot': True, 'username': 'qwerty1256bot'}}
27 27
Аспирин Кардио таб 100мг №28
{'message_id': 6809, 'date': 1619537991, 'chat': {'id': 355139380, 'type': 'private', 'username': 'e_diesel', 'first_name': '𝔇𝔦𝔢𝔰𝔢𝔩'}, 'text': 'Дата загрузки прайса: 2021-04-16\n\nДистрибьютор: Demo Pharm Group\nНазвания: Аспирин Кардио таб 100мг №28\nПроизводитель: Bayer Consumer Care( Швейцария)\nАдрес:г. Ташкент, ул. Самарканд Дарбоза, пр. Курилиш д. 1\nЦена сум: 32344\nТелефон: 71 245-05-35;  71 245-62-52;  71 245-37-51; 93 500 19 10;  93 399 93 20;  93 399 93 40\n\n➖➖➖➖➖➖➖➖➖➖➖➖\n\n\nДистрибьютор: Asklepiy\nНазвания: Аспирин Кардио таб 100мг №28\nПроизводитель: Bayer Consumer Care( Швейцария)\nАдрес:г.Ташкент, ул.Безакчилик, д. 18-а                    e-mail: info@asklepiy.uz\nЦена сум: 36025\nТелефон: 71-250-42-24; 71-250-15-64; 71-250-44-16; 78-140-41-14; 78-140-10-90 ф\n\n➖➖➖➖➖➖➖➖➖➖➖➖', 'entities': [{'type': 'email', 'offset': 513, 'length': 16}], 'caption_entities': [], 'photo': [], 'new_chat_members': [], 'new_chat_photo': [], 'delete_chat_photo': False, 'group_chat_created': False, 'supergroup_chat_created': False, 'channel_chat_created': False, 'from': {'id': 1415026630, 'first_name': 'Apteka', 'is_bot': True, 'username': 'qwerty1256bot'}}
27 27
Аспирин Кардио таб 100мг №28
{'message_id': 6811, 'date': 1619538013, 'chat': {'id': 355139380, 'type': 'private', 'username': 'e_diesel', 'first_name': '𝔇𝔦𝔢𝔰𝔢𝔩'}, 'text': 'Дата загрузки прайса: 2021-04-16\n\nДистрибьютор: Demo Pharm Group\nНазвания: Аспирин Кардио таб 100мг №28\nПроизводитель: Bayer Consumer Care( Швейцария)\nАдрес:г. Ташкент, ул. Самарканд Дарбоза, пр. Курилиш д. 1\nЦена сум: 32344\nТелефон: 71 245-05-35;  71 245-62-52;  71 245-37-51; 93 500 19 10;  93 399 93 20;  93 399 93 40\n\n➖➖➖➖➖➖➖➖➖➖➖➖\n\n\nДистрибьютор: Asklepiy\nНазвания: Аспирин Кардио таб 100мг №28\nПроизводитель: Bayer Consumer Care( Швейцария)\nАдрес:г.Ташкент, ул.Безакчилик, д. 18-а                    e-mail: info@asklepiy.uz\nЦена сум: 36025\nТелефон: 71-250-42-24; 71-250-15-64; 71-250-44-16; 78-140-41-14; 78-140-10-90 ф\n\n➖➖➖➖➖➖➖➖➖➖➖➖', 'entities': [{'type': 'email', 'offset': 513, 'length': 16}], 'caption_entities': [], 'photo': [], 'new_chat_members': [], 'new_chat_photo': [], 'delete_chat_photo': False, 'group_chat_created': False, 'supergroup_chat_created': False, 'channel_chat_created': False, 'from': {'id': 1415026630, 'first_name': 'Apteka', 'is_bot': True, 'username': 'qwerty1256bot'}}22 08
Но-шпа таб 40мг №100
{'message_id': 6952, 'date': 1620468131, 'chat': {'id': 1155932781, 'type': 'private', 'first_name': 'Shaha'}, 'text': 'Дата загрузки прайса: 2021-04-16\n\nДистрибьютор: Asklepiy\nНазвания: Но-шпа таб 40мг №100\nПроизводитель: Sanofi-Aventis( Франция)\nАдрес:г.Ташкент, ул.Безакчилик, д. 18-а                    e-mail: info@asklepiy.uz\nЦена сум: 45529\nТелефон: 71-250-42-24; 71-250-15-64; 71-250-44-16; 78-140-41-14; 78-140-10-90 ф\n\n➖➖➖➖➖➖➖➖➖➖➖➖\n\n\nДистрибьютор: Asklepiy\nНазвания: Но-шпа таб 40мг №100\nПроизводитель: Sanofi-Aventis( Франция)\nАдрес:г.Ташкент, ул.Безакчилик, д. 18-а                    e-mail: info@asklepiy.uz\nЦена сум: 45529\nТелефон: 71-250-42-24; 71-250-15-64; 71-250-44-16; 78-140-41-14; 78-140-10-90 ф\n\n➖➖➖➖➖➖➖➖➖➖➖➖', 'entities': [{'type': 'email', 'offset': 195, 'length': 16}, {'type': 'email', 'offset': 485, 'length': 16}], 'caption_entities': [], 'photo': [], 'new_chat_members': [], 'new_chat_photo': [], 'delete_chat_photo': False, 'group_chat_created': False, 'supergroup_chat_created': False, 'channel_chat_created': False, 'from': {'id': 1415026630, 'first_name': 'Apteka', 'is_bot': True, 'username': 'qwerty1256bot'}}
08 08
Но-шпа таб 40мг №24
{'message_id': 6954, 'date': 1620468135, 'chat': {'id': 1155932781, 'type': 'private', 'first_name': 'Shaha'}, 'text': 'Дата загрузки прайса: 2021-04-16\n\nДистрибьютор: Asklepiy\nНазвания: Но-шпа таб 40мг №24\nПроизводитель: Sanofi-Aventis( Франция)\nАдрес:г.Ташкент, ул.Безакчилик, д. 18-а                    e-mail: info@asklepiy.uz\nЦена сум: 16183\nТелефон: 71-250-42-24; 71-250-15-64; 71-250-44-16; 78-140-41-14; 78-140-10-90 ф\n\n➖➖➖➖➖➖➖➖➖➖➖➖\n\n\nДистрибьютор: Asklepiy\nНазвания: Но-шпа таб 40мг №24\nПроизводитель: Sanofi-Aventis( Франция)\nАдрес:г.Ташкент, ул.Безакчилик, д. 18-а                    e-mail: info@asklepiy.uz\nЦена сум: 16183\nТелефон: 71-250-42-24; 71-250-15-64; 71-250-44-16; 78-140-41-14; 78-140-10-90 ф\n\n➖➖➖➖➖➖➖➖➖➖➖➖', 'entities': [{'type': 'email', 'offset': 194, 'length': 16}, {'type': 'email', 'offset': 483, 'length': 16}], 'caption_entities': [], 'photo': [], 'new_chat_members': [], 'new_chat_photo': [], 'delete_chat_photo': False, 'group_chat_created': False, 'supergroup_chat_created': False, 'channel_chat_created': False, 'from': {'id': 1415026630, 'first_name': 'Apteka', 'is_bot': True, 'username': 'qwerty1256bot'}}
08 08
Валсам таб 10мг/320мг №30
{'message_id': 6957, 'date': 1620468147, 'chat': {'id': 1155932781, 'type': 'private', 'first_name': 'Shaha'}, 'text': 'Дата загрузки прайса: 2021-04-16\n\nДистрибьютор: Geeta Pharma\nНазвания: Валсам таб 10мг/320мг №30\nПроизводитель: Zim Laboratories( Индия)\nАдрес:г.Ташкент, ул. Каххара, д. 26                                 e-mail:  himedia@mail.ru\nЦена сум: 312119\nТелефон: 71-254-55-71; 71-254-55-73; 71-254-55-79; (998 90) 977 02 11\n\n➖➖➖➖➖➖➖➖➖➖➖➖', 'entities': [{'type': 'email', 'offset': 214, 'length': 15}], 'caption_entities': [], 'photo': [], 'new_chat_members': [], 'new_chat_photo': [], 'delete_chat_photo': False, 'group_chat_created': False, 'supergroup_chat_created': False, 'channel_chat_created': False, 'from': {'id': 1415026630, 'first_name': 'Apteka', 'is_bot': True, 'username': 'qwerty1256bot'}}
08 08
Ко-Валодип таб 5мг/160мг/12,5мг №30
{'message_id': 6958, 'date': 1620468150, 'chat': {'id': 1155932781, 'type': 'private', 'first_name': 'Shaha'}, 'text': 'Дата загрузки прайса: 2021-04-16\n\nДистрибьютор: Pharm Continent\nНазвания: Ко-Валодип таб 5мг/160мг/12,5мг №30\nПроизводитель: KRKA( Словения)\nАдрес:г.Ташкент, Чиланзар, 16 й квартал, д. 2\nЦена сум: 85749\nТелефон: 71-276-87-47 ; 71-276-87-17\n\n➖➖➖➖➖➖➖➖➖➖➖➖\n\n\nДистрибьютор: Pharma Choice\nНазвания: Ко-Валодип таб 5мг/160мг/12,5мг №30\nПроизводитель: KRKA( Словения)\nАдрес:г.Ташкент, Олмазарский район, ул. Широк,  д.104 Б                                                      e-mail: pharma-choice@mail.ru\nЦена сум: 88597\nТелефон: 71-248-27-67; (998 90) 189-39-48; 71-248-27-47; (998 94) 613-42-60\n\n➖➖➖➖➖➖➖➖➖➖➖➖', 'entities': [{'type': 'email', 'offset': 478, 'length': 21}], 'caption_entities': [], 'photo': [], 'new_chat_members': [], 'new_chat_photo': [], 'delete_chat_photo': False, 'group_chat_created': False, 'supergroup_chat_created': False, 'channel_chat_created': False, 'from': {'id': 1415026630, 'first_name': 'Apteka', 'is_bot': True, 'username': 'qwerty1256bot'}}
08 08
Валерианы настойка фл 40мл
{'message_id': 6960, 'date': 1620468156, 'chat': {'id': 1155932781, 'type': 'private', 'first_name': 'Shaha'}, 'text': 'Дата загрузки прайса: 2021-04-16\n\nДистрибьютор: Malxam servis\nНазвания: Валерианы настойка фл 40мл\nПроизводитель: Ziyo nur farm( Узбекистан)\nАдрес:г.Ташкент, ул.Туркистан, д.12                               e-mail:malxam-s_1984@mail.ru   www.malxam.uz\nЦена сум: 2188\nТелефон: 71-254-39-46; 71-299-79-85; 71-281-39-46 ф; (998 95) 170-89-48; 143-89-47\n\n➖➖➖➖➖➖➖➖➖➖➖➖', 'entities': [{'type': 'url', 'offset': 207, 'length': 28}, {'type': 'url', 'offset': 238, 'length': 13}], 'caption_entities': [], 'photo': [], 'new_chat_members': [], 'new_chat_photo': [], 'delete_chat_photo': False, 'group_chat_created': False, 'supergroup_chat_created': False, 'channel_chat_created': False, 'from': {'id': 1415026630, 'first_name': 'Apteka', 'is_bot': True, 'username': 'qwerty1256bot'}}
08 08
Назад⬅️
Настроить сортировку
Назад⬅️
Настроить сортировку
Назад⬅️
08 08
Валавир таб 500мг №10
{'message_id': 6995, 'date': 1620468228, 'chat': {'id': 1155932781, 'type': 'private', 'first_name': 'Shaha'}, 'text': 'Дата загрузки прайса: 2021-04-16\n\nДистрибьютор: Asklepiy\nНазвания: Валавир таб 500мг №10\nПроизводитель: Фармак( Украина)\nАдрес:г.Ташкент, ул.Безакчилик, д. 18-а                    e-mail: info@asklepiy.uz\nЦена сум: 89406\nТелефон: 71-250-42-24; 71-250-15-64; 71-250-44-16; 78-140-41-14; 78-140-10-90 ф\n\n➖➖➖➖➖➖➖➖➖➖➖➖\n\n\nДистрибьютор: Pharma Choice\nНазвания: Валавир таб 500мг №10\nПроизводитель: Фармак( Украина)\nАдрес:г.Ташкент, Олмазарский район, ул. Широк,  д.104 Б                                                      e-mail: pharma-choice@mail.ru\nЦена сум: 89269\nТелефон: 71-248-27-67; (998 90) 189-39-48; 71-248-27-47; (998 94) 613-42-60\n\n➖➖➖➖➖➖➖➖➖➖➖➖', 'entities': [{'type': 'email', 'offset': 188, 'length': 16}, {'type': 'email', 'offset': 526, 'length': 21}], 'caption_entities': [], 'photo': [], 'new_chat_members': [], 'new_chat_photo': [], 'delete_chat_photo': False, 'group_chat_created': False, 'supergroup_chat_created': False, 'channel_chat_created': False, 'from': {'id': 1415026630, 'first_name': 'Apteka', 'is_bot': True, 'username': 'qwerty1256bot'}}
08 08
Настроить сортировку
Назад⬅️